----------------------------------------------------------------
Fri May 15 20:35:19 IST 2020:
Booting Derby version The Apache Software Foundation - Apache Derby - 10.14.2.0 - (1828579): instance a816c00e-0172-18de-465e-000008604458 
on database directory memory:/home/mgautam/projects/spring-boot/course-api/testdb with class loader jdk.internal.loader.ClassLoaders$AppClassLoader@55054057 
Loaded from file:/home/mgautam/.m2/repository/org/apache/derby/derby/10.14.2.0/derby-10.14.2.0.jar
java.vendor=Ubuntu
java.runtime.version=11.0.7+10-post-Ubuntu-2ubuntu218.04
user.dir=/home/mgautam/projects/spring-boot/course-api
os.name=Linux
os.arch=amd64
os.version=4.19.84-microsoft-standard
derby.system.home=null
Database Class Loader started - derby.database.classpath=''
----------------------------------------------------------------
Fri May 15 20:35:32 IST 2020:
Shutting down instance a816c00e-0172-18de-465e-000008604458 on database directory memory:/home/mgautam/projects/spring-boot/course-api/testdb with class loader jdk.internal.loader.ClassLoaders$AppClassLoader@55054057 
----------------------------------------------------------------
Fri May 15 20:35:33 IST 2020:
Booting Derby version The Apache Software Foundation - Apache Derby - 10.14.2.0 - (1828579): instance 52da80c5-0172-18de-465e-000008604458 
on database directory memory:/home/mgautam/projects/spring-boot/course-api/testdb with class loader jdk.internal.loader.ClassLoaders$AppClassLoader@55054057 
Loaded from file:/home/mgautam/.m2/repository/org/apache/derby/derby/10.14.2.0/derby-10.14.2.0.jar
java.vendor=Ubuntu
java.runtime.version=11.0.7+10-post-Ubuntu-2ubuntu218.04
user.dir=/home/mgautam/projects/spring-boot/course-api
os.name=Linux
os.arch=amd64
os.version=4.19.84-microsoft-standard
derby.system.home=null
Database Class Loader started - derby.database.classpath=''
----------------------------------------------------------------
Fri May 15 20:37:40 IST 2020:
Shutting down instance 52da80c5-0172-18de-465e-000008604458 on database directory memory:/home/mgautam/projects/spring-boot/course-api/testdb with class loader jdk.internal.loader.ClassLoaders$AppClassLoader@55054057 
----------------------------------------------------------------
Fri May 15 20:37:41 IST 2020:
Booting Derby version The Apache Software Foundation - Apache Derby - 10.14.2.0 - (1828579): instance 5e52817c-0172-18de-465e-000008604458 
on database directory memory:/home/mgautam/projects/spring-boot/course-api/testdb with class loader jdk.internal.loader.ClassLoaders$AppClassLoader@55054057 
Loaded from file:/home/mgautam/.m2/repository/org/apache/derby/derby/10.14.2.0/derby-10.14.2.0.jar
java.vendor=Ubuntu
java.runtime.version=11.0.7+10-post-Ubuntu-2ubuntu218.04
user.dir=/home/mgautam/projects/spring-boot/course-api
os.name=Linux
os.arch=amd64
os.version=4.19.84-microsoft-standard
derby.system.home=null
Database Class Loader started - derby.database.classpath=''
